{
  "/home/iisala/kurssit/FullStack/Osa5/bloglist-frontend/src/App.js": {
    "path": "/home/iisala/kurssit/FullStack/Osa5/bloglist-frontend/src/App.js",
    "statementMap": {
      "0": {
        "start": { "line": 10, "column": 12 },
        "end": { "line": 162, "column": 1 }
      },
      "1": {
        "start": { "line": 11, "column": 28 },
        "end": { "line": 11, "column": 40 }
      },
      "2": {
        "start": { "line": 12, "column": 34 },
        "end": { "line": 12, "column": 46 }
      },
      "3": {
        "start": { "line": 13, "column": 34 },
        "end": { "line": 13, "column": 46 }
      },
      "4": {
        "start": { "line": 14, "column": 26 },
        "end": { "line": 14, "column": 40 }
      },
      "5": {
        "start": { "line": 15, "column": 32 },
        "end": { "line": 15, "column": 46 }
      },
      "6": {
        "start": { "line": 16, "column": 42 },
        "end": { "line": 16, "column": 56 }
      },
      "7": {
        "start": { "line": 19, "column": 2 },
        "end": { "line": 23, "column": 8 }
      },
      "8": {
        "start": { "line": 20, "column": 4 },
        "end": { "line": 22, "column": 5 }
      },
      "9": {
        "start": { "line": 21, "column": 6 },
        "end": { "line": 21, "column": 23 }
      },
      "10": {
        "start": { "line": 24, "column": 2 },
        "end": { "line": 31, "column": 8 }
      },
      "11": {
        "start": { "line": 25, "column": 27 },
        "end": { "line": 25, "column": 70 }
      },
      "12": {
        "start": { "line": 26, "column": 4 },
        "end": { "line": 30, "column": 5 }
      },
      "13": {
        "start": { "line": 27, "column": 19 },
        "end": { "line": 27, "column": 45 }
      },
      "14": {
        "start": { "line": 28, "column": 6 },
        "end": { "line": 28, "column": 19 }
      },
      "15": {
        "start": { "line": 29, "column": 6 },
        "end": { "line": 29, "column": 38 }
      },
      "16": {
        "start": { "line": 33, "column": 22 },
        "end": { "line": 56, "column": 3 }
      },
      "17": {
        "start": { "line": 34, "column": 4 },
        "end": { "line": 34, "column": 26 }
      },
      "18": {
        "start": { "line": 35, "column": 4 },
        "end": { "line": 55, "column": 5 }
      },
      "19": {
        "start": { "line": 36, "column": 19 },
        "end": { "line": 38, "column": 8 }
      },
      "20": {
        "start": { "line": 39, "column": 6 },
        "end": { "line": 41, "column": 7 }
      },
      "21": {
        "start": { "line": 42, "column": 6 },
        "end": { "line": 42, "column": 38 }
      },
      "22": {
        "start": { "line": 43, "column": 6 },
        "end": { "line": 43, "column": 19 }
      },
      "23": {
        "start": { "line": 44, "column": 6 },
        "end": { "line": 44, "column": 21 }
      },
      "24": {
        "start": { "line": 45, "column": 6 },
        "end": { "line": 45, "column": 21 }
      },
      "25": {
        "start": { "line": 46, "column": 6 },
        "end": { "line": 46, "column": 37 }
      },
      "26": {
        "start": { "line": 47, "column": 6 },
        "end": { "line": 49, "column": 13 }
      },
      "27": {
        "start": { "line": 48, "column": 8 },
        "end": { "line": 48, "column": 24 }
      },
      "28": {
        "start": { "line": 51, "column": 6 },
        "end": { "line": 51, "column": 42 }
      },
      "29": {
        "start": { "line": 52, "column": 6 },
        "end": { "line": 54, "column": 14 }
      },
      "30": {
        "start": { "line": 53, "column": 8 },
        "end": { "line": 53, "column": 29 }
      },
      "31": {
        "start": { "line": 57, "column": 23 },
        "end": { "line": 64, "column": 3 }
      },
      "32": {
        "start": { "line": 58, "column": 4 },
        "end": { "line": 58, "column": 50 }
      },
      "33": {
        "start": { "line": 59, "column": 4 },
        "end": { "line": 59, "column": 17 }
      },
      "34": {
        "start": { "line": 60, "column": 4 },
        "end": { "line": 60, "column": 36 }
      },
      "35": {
        "start": { "line": 61, "column": 4 },
        "end": { "line": 63, "column": 11 }
      },
      "36": {
        "start": { "line": 62, "column": 6 },
        "end": { "line": 62, "column": 22 }
      },
      "37": {
        "start": { "line": 66, "column": 18 },
        "end": { "line": 84, "column": 3 }
      },
      "38": {
        "start": { "line": 68, "column": 4 },
        "end": { "line": 83, "column": 5 }
      },
      "39": {
        "start": { "line": 69, "column": 28 },
        "end": { "line": 69, "column": 64 }
      },
      "40": {
        "start": { "line": 70, "column": 6 },
        "end": { "line": 70, "column": 44 }
      },
      "41": {
        "start": { "line": 71, "column": 6 },
        "end": { "line": 71, "column": 56 }
      },
      "42": {
        "start": { "line": 74, "column": 6 },
        "end": { "line": 74, "column": 34 }
      },
      "43": {
        "start": { "line": 75, "column": 6 },
        "end": { "line": 77, "column": 13 }
      },
      "44": {
        "start": { "line": 76, "column": 8 },
        "end": { "line": 76, "column": 24 }
      },
      "45": {
        "start": { "line": 79, "column": 6 },
        "end": { "line": 79, "column": 80 }
      },
      "46": {
        "start": { "line": 80, "column": 6 },
        "end": { "line": 82, "column": 14 }
      },
      "47": {
        "start": { "line": 81, "column": 8 },
        "end": { "line": 81, "column": 29 }
      },
      "48": {
        "start": { "line": 86, "column": 18 },
        "end": { "line": 101, "column": 3 }
      },
      "49": {
        "start": { "line": 87, "column": 4 },
        "end": { "line": 87, "column": 23 }
      },
      "50": {
        "start": { "line": 88, "column": 17 },
        "end": { "line": 88, "column": 45 }
      },
      "51": {
        "start": { "line": 88, "column": 33 },
        "end": { "line": 88, "column": 44 }
      },
      "52": {
        "start": { "line": 89, "column": 4 },
        "end": { "line": 100, "column": 5 }
      },
      "53": {
        "start": { "line": 90, "column": 26 },
        "end": { "line": 90, "column": 59 }
      },
      "54": {
        "start": { "line": 91, "column": 6 },
        "end": { "line": 91, "column": 47 }
      },
      "55": {
        "start": { "line": 92, "column": 6 },
        "end": { "line": 92, "column": 68 }
      },
      "56": {
        "start": { "line": 92, "column": 33 },
        "end": { "line": 92, "column": 66 }
      },
      "57": {
        "start": { "line": 96, "column": 6 },
        "end": { "line": 96, "column": 48 }
      },
      "58": {
        "start": { "line": 97, "column": 6 },
        "end": { "line": 99, "column": 14 }
      },
      "59": {
        "start": { "line": 98, "column": 8 },
        "end": { "line": 98, "column": 29 }
      },
      "60": {
        "start": { "line": 103, "column": 23 },
        "end": { "line": 108, "column": 3 }
      },
      "61": {
        "start": { "line": 104, "column": 4 },
        "end": { "line": 104, "column": 36 }
      },
      "62": {
        "start": { "line": 106, "column": 4 },
        "end": { "line": 106, "column": 38 }
      },
      "63": {
        "start": { "line": 107, "column": 4 },
        "end": { "line": 107, "column": 50 }
      },
      "64": {
        "start": { "line": 107, "column": 34 },
        "end": { "line": 107, "column": 48 }
      },
      "65": {
        "start": { "line": 110, "column": 21 },
        "end": { "line": 112, "column": 3 }
      },
      "66": {
        "start": { "line": 111, "column": 4 },
        "end": { "line": 111, "column": 54 }
      },
      "67": {
        "start": { "line": 111, "column": 36 },
        "end": { "line": 111, "column": 53 }
      },
      "68": {
        "start": { "line": 114, "column": 22 },
        "end": { "line": 114, "column": 30 }
      },
      "69": {
        "start": { "line": 116, "column": 2 },
        "end": { "line": 145, "column": 3 }
      },
      "70": {
        "start": { "line": 117, "column": 4 },
        "end": { "line": 144, "column": 5 }
      },
      "71": {
        "start": { "line": 129, "column": 40 },
        "end": { "line": 129, "column": 65 }
      },
      "72": {
        "start": { "line": 138, "column": 40 },
        "end": { "line": 138, "column": 65 }
      },
      "73": {
        "start": { "line": 147, "column": 2 },
        "end": { "line": 161, "column": 3 }
      },
      "74": {
        "start": { "line": 151, "column": 58 },
        "end": { "line": 151, "column": 72 }
      },
      "75": {
        "start": { "line": 158, "column": 8 },
        "end": { "line": 158, "column": 115 }
      }
    },
    "fnMap": {
      "0": {
        "name": "(anonymous_0)",
        "decl": {
          "start": { "line": 10, "column": 12 },
          "end": { "line": 10, "column": 13 }
        },
        "loc": {
          "start": { "line": 10, "column": 18 },
          "end": { "line": 162, "column": 1 }
        },
        "line": 10
      },
      "1": {
        "name": "(anonymous_1)",
        "decl": {
          "start": { "line": 19, "column": 12 },
          "end": { "line": 19, "column": 13 }
        },
        "loc": {
          "start": { "line": 19, "column": 18 },
          "end": { "line": 23, "column": 3 }
        },
        "line": 19
      },
      "2": {
        "name": "(anonymous_2)",
        "decl": {
          "start": { "line": 20, "column": 30 },
          "end": { "line": 20, "column": 31 }
        },
        "loc": {
          "start": { "line": 21, "column": 6 },
          "end": { "line": 21, "column": 23 }
        },
        "line": 21
      },
      "3": {
        "name": "(anonymous_3)",
        "decl": {
          "start": { "line": 24, "column": 12 },
          "end": { "line": 24, "column": 13 }
        },
        "loc": {
          "start": { "line": 24, "column": 18 },
          "end": { "line": 31, "column": 3 }
        },
        "line": 24
      },
      "4": {
        "name": "(anonymous_4)",
        "decl": {
          "start": { "line": 33, "column": 22 },
          "end": { "line": 33, "column": 23 }
        },
        "loc": {
          "start": { "line": 33, "column": 39 },
          "end": { "line": 56, "column": 3 }
        },
        "line": 33
      },
      "5": {
        "name": "(anonymous_5)",
        "decl": {
          "start": { "line": 47, "column": 17 },
          "end": { "line": 47, "column": 18 }
        },
        "loc": {
          "start": { "line": 47, "column": 23 },
          "end": { "line": 49, "column": 7 }
        },
        "line": 47
      },
      "6": {
        "name": "(anonymous_6)",
        "decl": {
          "start": { "line": 52, "column": 17 },
          "end": { "line": 52, "column": 18 }
        },
        "loc": {
          "start": { "line": 52, "column": 23 },
          "end": { "line": 54, "column": 7 }
        },
        "line": 52
      },
      "7": {
        "name": "(anonymous_7)",
        "decl": {
          "start": { "line": 57, "column": 23 },
          "end": { "line": 57, "column": 24 }
        },
        "loc": {
          "start": { "line": 57, "column": 29 },
          "end": { "line": 64, "column": 3 }
        },
        "line": 57
      },
      "8": {
        "name": "(anonymous_8)",
        "decl": {
          "start": { "line": 61, "column": 15 },
          "end": { "line": 61, "column": 16 }
        },
        "loc": {
          "start": { "line": 61, "column": 21 },
          "end": { "line": 63, "column": 5 }
        },
        "line": 61
      },
      "9": {
        "name": "(anonymous_9)",
        "decl": {
          "start": { "line": 66, "column": 18 },
          "end": { "line": 66, "column": 19 }
        },
        "loc": {
          "start": { "line": 66, "column": 40 },
          "end": { "line": 84, "column": 3 }
        },
        "line": 66
      },
      "10": {
        "name": "(anonymous_10)",
        "decl": {
          "start": { "line": 75, "column": 17 },
          "end": { "line": 75, "column": 18 }
        },
        "loc": {
          "start": { "line": 75, "column": 23 },
          "end": { "line": 77, "column": 7 }
        },
        "line": 75
      },
      "11": {
        "name": "(anonymous_11)",
        "decl": {
          "start": { "line": 80, "column": 17 },
          "end": { "line": 80, "column": 18 }
        },
        "loc": {
          "start": { "line": 80, "column": 23 },
          "end": { "line": 82, "column": 7 }
        },
        "line": 80
      },
      "12": {
        "name": "(anonymous_12)",
        "decl": {
          "start": { "line": 86, "column": 18 },
          "end": { "line": 86, "column": 19 }
        },
        "loc": {
          "start": { "line": 86, "column": 30 },
          "end": { "line": 101, "column": 3 }
        },
        "line": 86
      },
      "13": {
        "name": "(anonymous_13)",
        "decl": {
          "start": { "line": 88, "column": 28 },
          "end": { "line": 88, "column": 29 }
        },
        "loc": {
          "start": { "line": 88, "column": 33 },
          "end": { "line": 88, "column": 44 }
        },
        "line": 88
      },
      "14": {
        "name": "(anonymous_14)",
        "decl": {
          "start": { "line": 92, "column": 25 },
          "end": { "line": 92, "column": 26 }
        },
        "loc": {
          "start": { "line": 92, "column": 33 },
          "end": { "line": 92, "column": 66 }
        },
        "line": 92
      },
      "15": {
        "name": "(anonymous_15)",
        "decl": {
          "start": { "line": 97, "column": 17 },
          "end": { "line": 97, "column": 18 }
        },
        "loc": {
          "start": { "line": 97, "column": 23 },
          "end": { "line": 99, "column": 7 }
        },
        "line": 97
      },
      "16": {
        "name": "(anonymous_16)",
        "decl": {
          "start": { "line": 103, "column": 23 },
          "end": { "line": 103, "column": 24 }
        },
        "loc": {
          "start": { "line": 103, "column": 35 },
          "end": { "line": 108, "column": 3 }
        },
        "line": 103
      },
      "17": {
        "name": "(anonymous_17)",
        "decl": {
          "start": { "line": 107, "column": 26 },
          "end": { "line": 107, "column": 27 }
        },
        "loc": {
          "start": { "line": 107, "column": 34 },
          "end": { "line": 107, "column": 48 }
        },
        "line": 107
      },
      "18": {
        "name": "(anonymous_18)",
        "decl": {
          "start": { "line": 110, "column": 21 },
          "end": { "line": 110, "column": 22 }
        },
        "loc": {
          "start": { "line": 110, "column": 27 },
          "end": { "line": 112, "column": 3 }
        },
        "line": 110
      },
      "19": {
        "name": "(anonymous_19)",
        "decl": {
          "start": { "line": 111, "column": 27 },
          "end": { "line": 111, "column": 28 }
        },
        "loc": {
          "start": { "line": 111, "column": 36 },
          "end": { "line": 111, "column": 53 }
        },
        "line": 111
      },
      "20": {
        "name": "(anonymous_20)",
        "decl": {
          "start": { "line": 129, "column": 24 },
          "end": { "line": 129, "column": 25 }
        },
        "loc": {
          "start": { "line": 129, "column": 40 },
          "end": { "line": 129, "column": 65 }
        },
        "line": 129
      },
      "21": {
        "name": "(anonymous_21)",
        "decl": {
          "start": { "line": 138, "column": 24 },
          "end": { "line": 138, "column": 25 }
        },
        "loc": {
          "start": { "line": 138, "column": 40 },
          "end": { "line": 138, "column": 65 }
        },
        "line": 138
      },
      "22": {
        "name": "(anonymous_22)",
        "decl": {
          "start": { "line": 151, "column": 52 },
          "end": { "line": 151, "column": 53 }
        },
        "loc": {
          "start": { "line": 151, "column": 58 },
          "end": { "line": 151, "column": 72 }
        },
        "line": 151
      },
      "23": {
        "name": "(anonymous_23)",
        "decl": {
          "start": { "line": 157, "column": 25 },
          "end": { "line": 157, "column": 26 }
        },
        "loc": {
          "start": { "line": 158, "column": 8 },
          "end": { "line": 158, "column": 115 }
        },
        "line": 158
      }
    },
    "branchMap": {
      "0": {
        "loc": {
          "start": { "line": 26, "column": 4 },
          "end": { "line": 30, "column": 5 }
        },
        "type": "if",
        "locations": [
          {
            "start": { "line": 26, "column": 4 },
            "end": { "line": 30, "column": 5 }
          },
          { "start": {}, "end": {} }
        ],
        "line": 26
      },
      "1": {
        "loc": {
          "start": { "line": 92, "column": 33 },
          "end": { "line": 92, "column": 66 }
        },
        "type": "cond-expr",
        "locations": [
          {
            "start": { "line": 92, "column": 49 },
            "end": { "line": 92, "column": 53 }
          },
          {
            "start": { "line": 92, "column": 55 },
            "end": { "line": 92, "column": 66 }
          }
        ],
        "line": 92
      },
      "2": {
        "loc": {
          "start": { "line": 116, "column": 2 },
          "end": { "line": 145, "column": 3 }
        },
        "type": "if",
        "locations": [
          {
            "start": { "line": 116, "column": 2 },
            "end": { "line": 145, "column": 3 }
          },
          { "start": {}, "end": {} }
        ],
        "line": 116
      }
    },
    "s": {
      "0": 0,
      "1": 0,
      "2": 0,
      "3": 0,
      "4": 0,
      "5": 0,
      "6": 0,
      "7": 0,
      "8": 0,
      "9": 0,
      "10": 0,
      "11": 0,
      "12": 0,
      "13": 0,
      "14": 0,
      "15": 0,
      "16": 0,
      "17": 0,
      "18": 0,
      "19": 0,
      "20": 0,
      "21": 0,
      "22": 0,
      "23": 0,
      "24": 0,
      "25": 0,
      "26": 0,
      "27": 0,
      "28": 0,
      "29": 0,
      "30": 0,
      "31": 0,
      "32": 0,
      "33": 0,
      "34": 0,
      "35": 0,
      "36": 0,
      "37": 0,
      "38": 0,
      "39": 0,
      "40": 0,
      "41": 0,
      "42": 0,
      "43": 0,
      "44": 0,
      "45": 0,
      "46": 0,
      "47": 0,
      "48": 0,
      "49": 0,
      "50": 0,
      "51": 0,
      "52": 0,
      "53": 0,
      "54": 0,
      "55": 0,
      "56": 0,
      "57": 0,
      "58": 0,
      "59": 0,
      "60": 0,
      "61": 0,
      "62": 0,
      "63": 0,
      "64": 0,
      "65": 0,
      "66": 0,
      "67": 0,
      "68": 0,
      "69": 0,
      "70": 0,
      "71": 0,
      "72": 0,
      "73": 0,
      "74": 0,
      "75": 0
    },
    "f": {
      "0": 0,
      "1": 0,
      "2": 0,
      "3": 0,
      "4": 0,
      "5": 0,
      "6": 0,
      "7": 0,
      "8": 0,
      "9": 0,
      "10": 0,
      "11": 0,
      "12": 0,
      "13": 0,
      "14": 0,
      "15": 0,
      "16": 0,
      "17": 0,
      "18": 0,
      "19": 0,
      "20": 0,
      "21": 0,
      "22": 0,
      "23": 0
    },
    "b": { "0": [0, 0], "1": [0, 0], "2": [0, 0] }
  },
  "/home/iisala/kurssit/FullStack/Osa5/bloglist-frontend/src/index.js": {
    "path": "/home/iisala/kurssit/FullStack/Osa5/bloglist-frontend/src/index.js",
    "statementMap": {
      "0": {
        "start": { "line": 6, "column": 0 },
        "end": { "line": 6, "column": 68 }
      }
    },
    "fnMap": {},
    "branchMap": {},
    "s": { "0": 0 },
    "f": {},
    "b": {}
  },
  "/home/iisala/kurssit/FullStack/Osa5/bloglist-frontend/src/components/Blog.js": {
    "path": "/home/iisala/kurssit/FullStack/Osa5/bloglist-frontend/src/components/Blog.js",
    "statementMap": {
      "0": {
        "start": { "line": 3, "column": 13 },
        "end": { "line": 30, "column": 1 }
      },
      "1": {
        "start": { "line": 4, "column": 32 },
        "end": { "line": 4, "column": 47 }
      },
      "2": {
        "start": { "line": 6, "column": 27 },
        "end": { "line": 8, "column": 3 }
      },
      "3": {
        "start": { "line": 7, "column": 4 },
        "end": { "line": 7, "column": 24 }
      },
      "4": {
        "start": { "line": 9, "column": 21 },
        "end": { "line": 11, "column": 3 }
      },
      "5": {
        "start": { "line": 10, "column": 4 },
        "end": { "line": 10, "column": 20 }
      },
      "6": {
        "start": { "line": 12, "column": 23 },
        "end": { "line": 16, "column": 3 }
      },
      "7": {
        "start": { "line": 13, "column": 4 },
        "end": { "line": 15, "column": 5 }
      },
      "8": {
        "start": { "line": 14, "column": 6 },
        "end": { "line": 14, "column": 25 }
      },
      "9": {
        "start": { "line": 17, "column": 2 },
        "end": { "line": 29, "column": 3 }
      }
    },
    "fnMap": {
      "0": {
        "name": "(anonymous_0)",
        "decl": {
          "start": { "line": 3, "column": 13 },
          "end": { "line": 3, "column": 14 }
        },
        "loc": {
          "start": { "line": 3, "column": 58 },
          "end": { "line": 30, "column": 1 }
        },
        "line": 3
      },
      "1": {
        "name": "(anonymous_1)",
        "decl": {
          "start": { "line": 6, "column": 27 },
          "end": { "line": 6, "column": 28 }
        },
        "loc": {
          "start": { "line": 6, "column": 33 },
          "end": { "line": 8, "column": 3 }
        },
        "line": 6
      },
      "2": {
        "name": "(anonymous_2)",
        "decl": {
          "start": { "line": 9, "column": 21 },
          "end": { "line": 9, "column": 22 }
        },
        "loc": {
          "start": { "line": 9, "column": 27 },
          "end": { "line": 11, "column": 3 }
        },
        "line": 9
      },
      "3": {
        "name": "(anonymous_3)",
        "decl": {
          "start": { "line": 12, "column": 23 },
          "end": { "line": 12, "column": 24 }
        },
        "loc": {
          "start": { "line": 12, "column": 29 },
          "end": { "line": 16, "column": 3 }
        },
        "line": 12
      }
    },
    "branchMap": {
      "0": {
        "loc": {
          "start": { "line": 13, "column": 4 },
          "end": { "line": 15, "column": 5 }
        },
        "type": "if",
        "locations": [
          {
            "start": { "line": 13, "column": 4 },
            "end": { "line": 15, "column": 5 }
          },
          { "start": {}, "end": {} }
        ],
        "line": 13
      },
      "1": {
        "loc": {
          "start": { "line": 20, "column": 69 },
          "end": { "line": 20, "column": 97 }
        },
        "type": "cond-expr",
        "locations": [
          {
            "start": { "line": 20, "column": 78 },
            "end": { "line": 20, "column": 85 }
          },
          {
            "start": { "line": 20, "column": 88 },
            "end": { "line": 20, "column": 97 }
          }
        ],
        "line": 20
      },
      "2": {
        "loc": {
          "start": { "line": 21, "column": 7 },
          "end": { "line": 27, "column": 12 }
        },
        "type": "binary-expr",
        "locations": [
          {
            "start": { "line": 21, "column": 7 },
            "end": { "line": 21, "column": 14 }
          },
          {
            "start": { "line": 21, "column": 18 },
            "end": { "line": 27, "column": 12 }
          }
        ],
        "line": 21
      },
      "3": {
        "loc": {
          "start": { "line": 24, "column": 9 },
          "end": { "line": 26, "column": 14 }
        },
        "type": "cond-expr",
        "locations": [
          {
            "start": { "line": 25, "column": 10 },
            "end": { "line": 25, "column": 87 }
          },
          {
            "start": { "line": 26, "column": 12 },
            "end": { "line": 26, "column": 14 }
          }
        ],
        "line": 24
      }
    },
    "s": {
      "0": 1,
      "1": 6,
      "2": 6,
      "3": 2,
      "4": 6,
      "5": 2,
      "6": 6,
      "7": 0,
      "8": 0,
      "9": 6
    },
    "f": { "0": 6, "1": 2, "2": 2, "3": 0 },
    "b": { "0": [0, 0], "1": [2, 4], "2": [6, 2], "3": [0, 2] },
    "_coverageSchema": "1a1c01bbd47fc00a2c39e90264f33305004495a9",
    "hash": "0edd1e3fd7878c9b56d1c5b1210c07c1ba2a58b3"
  },
  "/home/iisala/kurssit/FullStack/Osa5/bloglist-frontend/src/components/ErrorMessage.js": {
    "path": "/home/iisala/kurssit/FullStack/Osa5/bloglist-frontend/src/components/ErrorMessage.js",
    "statementMap": {
      "0": {
        "start": { "line": 1, "column": 20 },
        "end": { "line": 10, "column": 1 }
      },
      "1": {
        "start": { "line": 2, "column": 2 },
        "end": { "line": 4, "column": 3 }
      },
      "2": {
        "start": { "line": 3, "column": 4 },
        "end": { "line": 3, "column": 15 }
      },
      "3": {
        "start": { "line": 5, "column": 2 },
        "end": { "line": 9, "column": 3 }
      }
    },
    "fnMap": {
      "0": {
        "name": "(anonymous_0)",
        "decl": {
          "start": { "line": 1, "column": 20 },
          "end": { "line": 1, "column": 21 }
        },
        "loc": {
          "start": { "line": 1, "column": 42 },
          "end": { "line": 10, "column": 1 }
        },
        "line": 1
      }
    },
    "branchMap": {
      "0": {
        "loc": {
          "start": { "line": 2, "column": 2 },
          "end": { "line": 4, "column": 3 }
        },
        "type": "if",
        "locations": [
          {
            "start": { "line": 2, "column": 2 },
            "end": { "line": 4, "column": 3 }
          },
          { "start": {}, "end": {} }
        ],
        "line": 2
      }
    },
    "s": { "0": 0, "1": 0, "2": 0, "3": 0 },
    "f": { "0": 0 },
    "b": { "0": [0, 0] }
  },
  "/home/iisala/kurssit/FullStack/Osa5/bloglist-frontend/src/components/Message.js": {
    "path": "/home/iisala/kurssit/FullStack/Osa5/bloglist-frontend/src/components/Message.js",
    "statementMap": {
      "0": {
        "start": { "line": 1, "column": 15 },
        "end": { "line": 10, "column": 1 }
      },
      "1": {
        "start": { "line": 2, "column": 2 },
        "end": { "line": 4, "column": 3 }
      },
      "2": {
        "start": { "line": 3, "column": 4 },
        "end": { "line": 3, "column": 15 }
      },
      "3": {
        "start": { "line": 5, "column": 2 },
        "end": { "line": 9, "column": 3 }
      }
    },
    "fnMap": {
      "0": {
        "name": "(anonymous_0)",
        "decl": {
          "start": { "line": 1, "column": 15 },
          "end": { "line": 1, "column": 16 }
        },
        "loc": {
          "start": { "line": 1, "column": 32 },
          "end": { "line": 10, "column": 1 }
        },
        "line": 1
      }
    },
    "branchMap": {
      "0": {
        "loc": {
          "start": { "line": 2, "column": 2 },
          "end": { "line": 4, "column": 3 }
        },
        "type": "if",
        "locations": [
          {
            "start": { "line": 2, "column": 2 },
            "end": { "line": 4, "column": 3 }
          },
          { "start": {}, "end": {} }
        ],
        "line": 2
      }
    },
    "s": { "0": 0, "1": 0, "2": 0, "3": 0 },
    "f": { "0": 0 },
    "b": { "0": [0, 0] }
  },
  "/home/iisala/kurssit/FullStack/Osa5/bloglist-frontend/src/components/NewBlogForm.js": {
    "path": "/home/iisala/kurssit/FullStack/Osa5/bloglist-frontend/src/components/NewBlogForm.js",
    "statementMap": {
      "0": {
        "start": { "line": 3, "column": 20 },
        "end": { "line": 70, "column": 1 }
      },
      "1": {
        "start": { "line": 4, "column": 30 },
        "end": { "line": 4, "column": 42 }
      },
      "2": {
        "start": { "line": 5, "column": 28 },
        "end": { "line": 5, "column": 40 }
      },
      "3": {
        "start": { "line": 6, "column": 24 },
        "end": { "line": 6, "column": 36 }
      },
      "4": {
        "start": { "line": 8, "column": 29 },
        "end": { "line": 10, "column": 3 }
      },
      "5": {
        "start": { "line": 9, "column": 4 },
        "end": { "line": 9, "column": 33 }
      },
      "6": {
        "start": { "line": 12, "column": 28 },
        "end": { "line": 14, "column": 3 }
      },
      "7": {
        "start": { "line": 13, "column": 4 },
        "end": { "line": 13, "column": 32 }
      },
      "8": {
        "start": { "line": 16, "column": 26 },
        "end": { "line": 18, "column": 3 }
      },
      "9": {
        "start": { "line": 17, "column": 4 },
        "end": { "line": 17, "column": 30 }
      },
      "10": {
        "start": { "line": 20, "column": 18 },
        "end": { "line": 30, "column": 3 }
      },
      "11": {
        "start": { "line": 21, "column": 4 },
        "end": { "line": 21, "column": 26 }
      },
      "12": {
        "start": { "line": 22, "column": 4 },
        "end": { "line": 26, "column": 6 }
      },
      "13": {
        "start": { "line": 27, "column": 4 },
        "end": { "line": 27, "column": 17 }
      },
      "14": {
        "start": { "line": 28, "column": 4 },
        "end": { "line": 28, "column": 16 }
      },
      "15": {
        "start": { "line": 29, "column": 4 },
        "end": { "line": 29, "column": 14 }
      },
      "16": {
        "start": { "line": 32, "column": 2 },
        "end": { "line": 69, "column": 3 }
      }
    },
    "fnMap": {
      "0": {
        "name": "(anonymous_0)",
        "decl": {
          "start": { "line": 3, "column": 20 },
          "end": { "line": 3, "column": 21 }
        },
        "loc": {
          "start": { "line": 3, "column": 40 },
          "end": { "line": 70, "column": 1 }
        },
        "line": 3
      },
      "1": {
        "name": "(anonymous_1)",
        "decl": {
          "start": { "line": 8, "column": 29 },
          "end": { "line": 8, "column": 30 }
        },
        "loc": {
          "start": { "line": 8, "column": 40 },
          "end": { "line": 10, "column": 3 }
        },
        "line": 8
      },
      "2": {
        "name": "(anonymous_2)",
        "decl": {
          "start": { "line": 12, "column": 28 },
          "end": { "line": 12, "column": 29 }
        },
        "loc": {
          "start": { "line": 12, "column": 39 },
          "end": { "line": 14, "column": 3 }
        },
        "line": 12
      },
      "3": {
        "name": "(anonymous_3)",
        "decl": {
          "start": { "line": 16, "column": 26 },
          "end": { "line": 16, "column": 27 }
        },
        "loc": {
          "start": { "line": 16, "column": 37 },
          "end": { "line": 18, "column": 3 }
        },
        "line": 16
      },
      "4": {
        "name": "(anonymous_4)",
        "decl": {
          "start": { "line": 20, "column": 18 },
          "end": { "line": 20, "column": 19 }
        },
        "loc": {
          "start": { "line": 20, "column": 29 },
          "end": { "line": 30, "column": 3 }
        },
        "line": 20
      }
    },
    "branchMap": {},
    "s": {
      "0": 1,
      "1": 43,
      "2": 43,
      "3": 43,
      "4": 43,
      "5": 10,
      "6": 43,
      "7": 9,
      "8": 43,
      "9": 22,
      "10": 43,
      "11": 1,
      "12": 1,
      "13": 1,
      "14": 1,
      "15": 1,
      "16": 43
    },
    "f": { "0": 43, "1": 10, "2": 9, "3": 22, "4": 1 },
    "b": {},
    "_coverageSchema": "1a1c01bbd47fc00a2c39e90264f33305004495a9",
    "hash": "b597002b96a397a47af180fa56861ffb0c198ddd"
  },
  "/home/iisala/kurssit/FullStack/Osa5/bloglist-frontend/src/components/Togglable.js": {
    "path": "/home/iisala/kurssit/FullStack/Osa5/bloglist-frontend/src/components/Togglable.js",
    "statementMap": {
      "0": {
        "start": { "line": 4, "column": 18 },
        "end": { "line": 29, "column": 2 }
      },
      "1": {
        "start": { "line": 5, "column": 32 },
        "end": { "line": 5, "column": 47 }
      },
      "2": {
        "start": { "line": 7, "column": 26 },
        "end": { "line": 7, "column": 59 }
      },
      "3": {
        "start": { "line": 8, "column": 26 },
        "end": { "line": 8, "column": 59 }
      },
      "4": {
        "start": { "line": 10, "column": 27 },
        "end": { "line": 12, "column": 3 }
      },
      "5": {
        "start": { "line": 11, "column": 4 },
        "end": { "line": 11, "column": 24 }
      },
      "6": {
        "start": { "line": 13, "column": 2 },
        "end": { "line": 17, "column": 4 }
      },
      "7": {
        "start": { "line": 14, "column": 4 },
        "end": { "line": 16, "column": 5 }
      },
      "8": {
        "start": { "line": 18, "column": 2 },
        "end": { "line": 28, "column": 3 }
      },
      "9": {
        "start": { "line": 30, "column": 0 },
        "end": { "line": 32, "column": 1 }
      },
      "10": {
        "start": { "line": 34, "column": 0 },
        "end": { "line": 34, "column": 35 }
      }
    },
    "fnMap": {
      "0": {
        "name": "(anonymous_0)",
        "decl": {
          "start": { "line": 4, "column": 29 },
          "end": { "line": 4, "column": 30 }
        },
        "loc": {
          "start": { "line": 4, "column": 45 },
          "end": { "line": 29, "column": 1 }
        },
        "line": 4
      },
      "1": {
        "name": "(anonymous_1)",
        "decl": {
          "start": { "line": 10, "column": 27 },
          "end": { "line": 10, "column": 28 }
        },
        "loc": {
          "start": { "line": 10, "column": 33 },
          "end": { "line": 12, "column": 3 }
        },
        "line": 10
      },
      "2": {
        "name": "(anonymous_2)",
        "decl": {
          "start": { "line": 13, "column": 27 },
          "end": { "line": 13, "column": 28 }
        },
        "loc": {
          "start": { "line": 13, "column": 33 },
          "end": { "line": 17, "column": 3 }
        },
        "line": 13
      }
    },
    "branchMap": {
      "0": {
        "loc": {
          "start": { "line": 7, "column": 37 },
          "end": { "line": 7, "column": 57 }
        },
        "type": "cond-expr",
        "locations": [
          {
            "start": { "line": 7, "column": 47 },
            "end": { "line": 7, "column": 53 }
          },
          {
            "start": { "line": 7, "column": 55 },
            "end": { "line": 7, "column": 57 }
          }
        ],
        "line": 7
      },
      "1": {
        "loc": {
          "start": { "line": 8, "column": 37 },
          "end": { "line": 8, "column": 57 }
        },
        "type": "cond-expr",
        "locations": [
          {
            "start": { "line": 8, "column": 47 },
            "end": { "line": 8, "column": 49 }
          },
          {
            "start": { "line": 8, "column": 51 },
            "end": { "line": 8, "column": 57 }
          }
        ],
        "line": 8
      }
    },
    "s": {
      "0": 1,
      "1": 7,
      "2": 7,
      "3": 7,
      "4": 7,
      "5": 3,
      "6": 7,
      "7": 0,
      "8": 7,
      "9": 1,
      "10": 1
    },
    "f": { "0": 7, "1": 3, "2": 0 },
    "b": { "0": [2, 5], "1": [2, 5] },
    "_coverageSchema": "1a1c01bbd47fc00a2c39e90264f33305004495a9",
    "hash": "bd1e50b80e0e043ceca0b45efc41a158d4a1a492"
  },
  "/home/iisala/kurssit/FullStack/Osa5/bloglist-frontend/src/services/blogs.js": {
    "path": "/home/iisala/kurssit/FullStack/Osa5/bloglist-frontend/src/services/blogs.js",
    "statementMap": {
      "0": {
        "start": { "line": 2, "column": 16 },
        "end": { "line": 2, "column": 28 }
      },
      "1": {
        "start": { "line": 4, "column": 12 },
        "end": { "line": 4, "column": 16 }
      },
      "2": {
        "start": { "line": 6, "column": 17 },
        "end": { "line": 8, "column": 1 }
      },
      "3": {
        "start": { "line": 7, "column": 2 },
        "end": { "line": 7, "column": 30 }
      },
      "4": {
        "start": { "line": 10, "column": 15 },
        "end": { "line": 13, "column": 1 }
      },
      "5": {
        "start": { "line": 11, "column": 18 },
        "end": { "line": 11, "column": 36 }
      },
      "6": {
        "start": { "line": 12, "column": 2 },
        "end": { "line": 12, "column": 48 }
      },
      "7": {
        "start": { "line": 12, "column": 34 },
        "end": { "line": 12, "column": 47 }
      },
      "8": {
        "start": { "line": 15, "column": 15 },
        "end": { "line": 23, "column": 1 }
      },
      "9": {
        "start": { "line": 16, "column": 17 },
        "end": { "line": 18, "column": 3 }
      },
      "10": {
        "start": { "line": 19, "column": 2 },
        "end": { "line": 19, "column": 33 }
      },
      "11": {
        "start": { "line": 20, "column": 19 },
        "end": { "line": 20, "column": 63 }
      },
      "12": {
        "start": { "line": 21, "column": 2 },
        "end": { "line": 21, "column": 37 }
      },
      "13": {
        "start": { "line": 22, "column": 2 },
        "end": { "line": 22, "column": 22 }
      },
      "14": {
        "start": { "line": 24, "column": 15 },
        "end": { "line": 33, "column": 1 }
      },
      "15": {
        "start": { "line": 25, "column": 17 },
        "end": { "line": 27, "column": 3 }
      },
      "16": {
        "start": { "line": 28, "column": 19 },
        "end": { "line": 28, "column": 73 }
      },
      "17": {
        "start": { "line": 29, "column": 2 },
        "end": { "line": 29, "column": 34 }
      },
      "18": {
        "start": { "line": 31, "column": 2 },
        "end": { "line": 31, "column": 22 }
      },
      "19": {
        "start": { "line": 34, "column": 21 },
        "end": { "line": 43, "column": 1 }
      },
      "20": {
        "start": { "line": 35, "column": 17 },
        "end": { "line": 37, "column": 3 }
      },
      "21": {
        "start": { "line": 38, "column": 19 },
        "end": { "line": 38, "column": 65 }
      },
      "22": {
        "start": { "line": 39, "column": 2 },
        "end": { "line": 39, "column": 37 }
      },
      "23": {
        "start": { "line": 41, "column": 2 },
        "end": { "line": 41, "column": 22 }
      }
    },
    "fnMap": {
      "0": {
        "name": "(anonymous_0)",
        "decl": {
          "start": { "line": 6, "column": 17 },
          "end": { "line": 6, "column": 18 }
        },
        "loc": {
          "start": { "line": 6, "column": 29 },
          "end": { "line": 8, "column": 1 }
        },
        "line": 6
      },
      "1": {
        "name": "(anonymous_1)",
        "decl": {
          "start": { "line": 10, "column": 15 },
          "end": { "line": 10, "column": 16 }
        },
        "loc": {
          "start": { "line": 10, "column": 21 },
          "end": { "line": 13, "column": 1 }
        },
        "line": 10
      },
      "2": {
        "name": "(anonymous_2)",
        "decl": {
          "start": { "line": 12, "column": 22 },
          "end": { "line": 12, "column": 23 }
        },
        "loc": {
          "start": { "line": 12, "column": 34 },
          "end": { "line": 12, "column": 47 }
        },
        "line": 12
      },
      "3": {
        "name": "(anonymous_3)",
        "decl": {
          "start": { "line": 15, "column": 15 },
          "end": { "line": 15, "column": 16 }
        },
        "loc": {
          "start": { "line": 15, "column": 34 },
          "end": { "line": 23, "column": 1 }
        },
        "line": 15
      },
      "4": {
        "name": "(anonymous_4)",
        "decl": {
          "start": { "line": 24, "column": 15 },
          "end": { "line": 24, "column": 16 }
        },
        "loc": {
          "start": { "line": 24, "column": 39 },
          "end": { "line": 33, "column": 1 }
        },
        "line": 24
      },
      "5": {
        "name": "(anonymous_5)",
        "decl": {
          "start": { "line": 34, "column": 21 },
          "end": { "line": 34, "column": 22 }
        },
        "loc": {
          "start": { "line": 34, "column": 35 },
          "end": { "line": 43, "column": 1 }
        },
        "line": 34
      }
    },
    "branchMap": {},
    "s": {
      "0": 0,
      "1": 0,
      "2": 0,
      "3": 0,
      "4": 0,
      "5": 0,
      "6": 0,
      "7": 0,
      "8": 0,
      "9": 0,
      "10": 0,
      "11": 0,
      "12": 0,
      "13": 0,
      "14": 0,
      "15": 0,
      "16": 0,
      "17": 0,
      "18": 0,
      "19": 0,
      "20": 0,
      "21": 0,
      "22": 0,
      "23": 0
    },
    "f": { "0": 0, "1": 0, "2": 0, "3": 0, "4": 0, "5": 0 },
    "b": {}
  },
  "/home/iisala/kurssit/FullStack/Osa5/bloglist-frontend/src/services/login.js": {
    "path": "/home/iisala/kurssit/FullStack/Osa5/bloglist-frontend/src/services/login.js",
    "statementMap": {
      "0": {
        "start": { "line": 2, "column": 16 },
        "end": { "line": 2, "column": 27 }
      },
      "1": {
        "start": { "line": 4, "column": 14 },
        "end": { "line": 7, "column": 1 }
      },
      "2": {
        "start": { "line": 5, "column": 19 },
        "end": { "line": 5, "column": 57 }
      },
      "3": {
        "start": { "line": 6, "column": 2 },
        "end": { "line": 6, "column": 22 }
      }
    },
    "fnMap": {
      "0": {
        "name": "(anonymous_0)",
        "decl": {
          "start": { "line": 4, "column": 14 },
          "end": { "line": 4, "column": 15 }
        },
        "loc": {
          "start": { "line": 4, "column": 35 },
          "end": { "line": 7, "column": 1 }
        },
        "line": 4
      }
    },
    "branchMap": {},
    "s": { "0": 0, "1": 0, "2": 0, "3": 0 },
    "f": { "0": 0 },
    "b": {}
  }
}
